g:\dm2241_assigment2_160347t\client\intermediate\debug\spaceshooter_d.pdb
g:\dm2241_assigment2_160347t\client\intermediate\debug\spaceshooter_d.idb
g:\dm2241_assigment2_160347t\client\intermediate\debug\timer.obj
g:\dm2241_assigment2_160347t\client\intermediate\debug\application.obj
g:\dm2241_assigment2_160347t\client\intermediate\debug\main.obj
g:\dm2241_assigment2_160347t\client\intermediate\debug\asteroid.obj
g:\dm2241_assigment2_160347t\client\intermediate\debug\explosion.obj
g:\dm2241_assigment2_160347t\client\intermediate\debug\missile.obj
g:\dm2241_assigment2_160347t\client\intermediate\debug\movables.obj
g:\dm2241_assigment2_160347t\client\intermediate\debug\ship.obj
g:\dm2241_assigment2_160347t\client\intermediate\debug\process_packet.obj
g:\dm2241_assigment2_160347t\client\intermediate\debug\send_packet.obj
c:\users\ryane\documents\multiplayer_framework\client\intermediate\debug\spaceshooter_d.pdb
c:\users\ryane\documents\multiplayer_framework\client\intermediate\debug\spaceshooter_d.idb
c:\users\ryane\documents\multiplayer_framework\client\intermediate\debug\timer.obj
c:\users\ryane\documents\multiplayer_framework\client\intermediate\debug\main.obj
c:\users\ryane\documents\multiplayer_framework\client\intermediate\debug\asteroid.obj
c:\users\ryane\documents\multiplayer_framework\client\intermediate\debug\explosion.obj
c:\users\ryane\documents\multiplayer_framework\client\intermediate\debug\missile.obj
c:\users\ryane\documents\multiplayer_framework\client\intermediate\debug\movables.obj
c:\users\ryane\documents\multiplayer_framework\client\intermediate\debug\ship.obj
c:\users\ryane\documents\multiplayer_framework\client\intermediate\debug\process_packet.obj
c:\users\ryane\documents\multiplayer_framework\client\intermediate\debug\send_packet.obj
g:\dm2241_assigment2_160347t\client\bin\spaceshooter_d.ilk
g:\dm2241_assigment2_160347t\client\bin\spaceshooter_d.exe
c:\users\ryane\documents\multiplayer_framework\client\bin\spaceshooter_d.exe
c:\users\ryane\documents\multiplayer_framework\client\intermediate\debug\spaceshooter.tlog\cl.command.1.tlog
c:\users\ryane\documents\multiplayer_framework\client\intermediate\debug\spaceshooter.tlog\cl.read.1.tlog
c:\users\ryane\documents\multiplayer_framework\client\intermediate\debug\spaceshooter.tlog\cl.write.1.tlog
c:\users\ryane\documents\multiplayer_framework\client\intermediate\debug\spaceshooter.tlog\link.command.1.tlog
c:\users\ryane\documents\multiplayer_framework\client\intermediate\debug\spaceshooter.tlog\link.read.1.tlog
c:\users\ryane\documents\multiplayer_framework\client\intermediate\debug\spaceshooter.tlog\link.write.1.tlog
