g:\dm2241_assigment2_160347t\server\intermediate\debug\vc140.pdb
g:\dm2241_assigment2_160347t\server\intermediate\debug\vc140.idb
g:\dm2241_assigment2_160347t\server\intermediate\debug\timer.obj
g:\dm2241_assigment2_160347t\server\intermediate\debug\asteroid.obj
g:\dm2241_assigment2_160347t\server\intermediate\debug\main.obj
g:\dm2241_assigment2_160347t\server\intermediate\debug\process_packet.obj
g:\dm2241_assigment2_160347t\server\intermediate\debug\send_packet.obj
c:\users\ryane\documents\multiplayer_framework\server\intermediate\debug\vc140.pdb
c:\users\ryane\documents\multiplayer_framework\server\intermediate\debug\vc140.idb
c:\users\ryane\documents\multiplayer_framework\server\intermediate\debug\timer.obj
c:\users\ryane\documents\multiplayer_framework\server\intermediate\debug\asteroid.obj
c:\users\ryane\documents\multiplayer_framework\server\intermediate\debug\main.obj
c:\users\ryane\documents\multiplayer_framework\server\intermediate\debug\process_packet.obj
c:\users\ryane\documents\multiplayer_framework\server\intermediate\debug\send_packet.obj
g:\dm2241_assigment2_160347t\server\bin\server.ilk
g:\dm2241_assigment2_160347t\server\bin\server.exe
g:\dm2241_assigment2_160347t\server\bin\server.pdb
c:\users\ryane\documents\multiplayer_framework\server\bin\server.ilk
c:\users\ryane\documents\multiplayer_framework\server\bin\server.exe
c:\users\ryane\documents\multiplayer_framework\server\bin\server.pdb
c:\users\ryane\documents\multiplayer_framework\server\intermediate\debug\server.tlog\cl.command.1.tlog
c:\users\ryane\documents\multiplayer_framework\server\intermediate\debug\server.tlog\cl.read.1.tlog
c:\users\ryane\documents\multiplayer_framework\server\intermediate\debug\server.tlog\cl.write.1.tlog
c:\users\ryane\documents\multiplayer_framework\server\intermediate\debug\server.tlog\link.command.1.tlog
c:\users\ryane\documents\multiplayer_framework\server\intermediate\debug\server.tlog\link.read.1.tlog
c:\users\ryane\documents\multiplayer_framework\server\intermediate\debug\server.tlog\link.write.1.tlog
